Arguments: 
  /home/ramon/.nvm/versions/node/v20.2.0/bin/node /home/ramon/.nvm/versions/node/v20.2.0/bin/yarn add .env

PATH: 
  /home/ramon/.vscode-server/bin/05047486b6df5eb8d44b2ecd70ea3bdf775fd937/bin/remote-cli:/home/ramon/.local/bin:/home/ramon/.nvm/versions/node/v20.2.0/bin:/usr/local/sbin:/usr/local/bin:/usr/sbin:/usr/bin:/sbin:/bin:/usr/games:/usr/local/games:/usr/lib/wsl/lib:/mnt/c/Program Files/Zulu/zulu-17/bin/:/mnt/d/virtual machine/bin/:/mnt/c/Windows/system32:/mnt/c/Windows:/mnt/c/Windows/System32/Wbem:/mnt/c/Windows/System32/WindowsPowerShell/v1.0/:/mnt/c/Windows/System32/OpenSSH/:/mnt/c/WINDOWS/system32:/mnt/c/WINDOWS:/mnt/c/WINDOWS/System32/Wbem:/mnt/c/WINDOWS/System32/WindowsPowerShell/v1.0/:/mnt/c/WINDOWS/System32/OpenSSH/:/mnt/c/Program Files/usbipd-win/:/mnt/c/Program Files (x86)/NVIDIA Corporation/PhysX/Common:/mnt/c/Program Files/NVIDIA Corporation/NVIDIA NvDLISR:/mnt/c/Program Files/Microsoft SQL Server/150/Tools/Binn/:/mnt/c/Program Files/Microsoft SQL Server/Client SDK/ODBC/170/Tools/Binn/:/mnt/c/Program Files/dotnet/:/mnt/c/Program Files (x86)/Windows Kits/10/Windows Performance Toolkit/:/mnt/c/Users/ramon/AppData/Local/Microsoft/WindowsApps:/mnt/c/Users/ramon/AppData/Local/Programs/Microsoft VS Code/bin:/mnt/c/Program Files/JetBrains/IntelliJ IDEA Community Edition 2023.2/bin:/mnt/c/Users/ramon/AppData/Local/GitHubDesktop/bin:/mnt/c/Users/ramon/.dotnet/tools:/snap/bin

Yarn version: 
  1.22.19

Node version: 
  20.2.0

Platform: 
  linux x64

Trace: 
  Error: https://registry.yarnpkg.com/.env: Not found
      at params.callback [as _callback] (/home/ramon/.nvm/versions/node/v20.2.0/lib/node_modules/yarn/lib/cli.js:66145:18)
      at self.callback (/home/ramon/.nvm/versions/node/v20.2.0/lib/node_modules/yarn/lib/cli.js:140890:22)
      at Request.emit (node:events:511:28)
      at Request.<anonymous> (/home/ramon/.nvm/versions/node/v20.2.0/lib/node_modules/yarn/lib/cli.js:141862:10)
      at Request.emit (node:events:511:28)
      at IncomingMessage.<anonymous> (/home/ramon/.nvm/versions/node/v20.2.0/lib/node_modules/yarn/lib/cli.js:141784:12)
      at Object.onceWrapper (node:events:625:28)
      at IncomingMessage.emit (node:events:523:35)
      at endReadableNT (node:internal/streams/readable:1367:12)
      at process.processTicksAndRejections (node:internal/process/task_queues:82:21)

npm manifest: 
  {
    "name": "infrastructure",
    "version": "0.1.0",
    "bin": {
      "infrastructure": "bin/infrastructure.js"
    },
    "scripts": {
      "build": "tsc",
      "watch": "tsc -w",
      "test": "jest",
      "cdk": "cdk"
    },
    "devDependencies": {
      "@types/jest": "^29.5.11",
      "@types/node": "20.11.6",
      "jest": "^29.7.0",
      "ts-jest": "^29.1.2",
      "aws-cdk": "2.124.0",
      "ts-node": "^10.9.2",
      "typescript": "~5.3.3"
    },
    "dependencies": {
      "aws-cdk-lib": "2.124.0",
      "constructs": "^10.0.0",
      "source-map-support": "^0.5.21"
    }
  }

yarn manifest: 
  No manifest

Lockfile: 
  No lockfile
